[0m16:25:29.800462 [debug] [MainThread]: Sending event: {'category': 'dbt', 'action': 'invocation', 'label': 'start', 'context': [<snowplow_tracker.self_describing_json.SelfDescribingJson object at 0x107bf60c0>, <snowplow_tracker.self_describing_json.SelfDescribingJson object at 0x1075ad8e0>, <snowplow_tracker.self_describing_json.SelfDescribingJson object at 0x1075ad850>]}


============================== 16:25:29.802850 | 34022ca6-9338-4451-9110-8c7dff9c5716 ==============================
[0m16:25:29.802850 [info ] [MainThread]: Running with dbt=1.11.0-rc3
[0m16:25:29.803101 [debug] [MainThread]: running dbt with arguments {'target_path': 'None', 'quiet': 'False', 'use_colors': 'True', 'static_parser': 'True', 'cache_selected_only': 'False', 'profiles_dir': '/Users/nvolynets/analytics/dbt-gcp-project/surfalytics_dbt_core/', 'write_json': 'True', 'use_experimental_parser': 'False', 'warn_error': 'None', 'fail_fast': 'False', 'log_cache_events': 'False', 'printer_width': '80', 'log_format': 'default', 'introspect': 'True', 'empty': 'None', 'debug': 'False', 'warn_error_options': 'WarnErrorOptionsV2(error=[], warn=[], silence=[])', 'send_anonymous_usage_stats': 'True', 'no_print': 'None', 'version_check': 'True', 'indirect_selection': 'eager', 'partial_parse': 'True', 'invocation_command': 'dbt debug', 'log_path': 'logs'}
[0m16:25:29.812027 [info ] [MainThread]: dbt version: 1.11.0-rc3
[0m16:25:29.812218 [info ] [MainThread]: python version: 3.12.8
[0m16:25:29.812337 [info ] [MainThread]: python path: /Users/nvolynets/analytics/dbt-gcp-project/.venv/bin/python3.12
[0m16:25:29.812440 [info ] [MainThread]: os info: macOS-15.7.1-arm64-arm-64bit
[0m16:25:31.695918 [info ] [MainThread]: Using profiles dir at /Users/nvolynets/analytics/dbt-gcp-project/surfalytics_dbt_core/
[0m16:25:31.696139 [info ] [MainThread]: Using profiles.yml file at /Users/nvolynets/analytics/dbt-gcp-project/surfalytics_dbt_core/profiles.yml
[0m16:25:31.696260 [info ] [MainThread]: Using dbt_project.yml file at /Users/nvolynets/analytics/dbt-gcp-project/dbt_project.yml
[0m16:25:31.696370 [info ] [MainThread]: adapter type: bigquery
[0m16:25:31.696470 [info ] [MainThread]: adapter version: 1.10.3
[0m16:25:31.696584 [info ] [MainThread]: Configuration:
[0m16:25:31.696682 [info ] [MainThread]:   profiles.yml file [[32mOK found and valid[0m]
[0m16:25:31.696792 [info ] [MainThread]:   dbt_project.yml file [[31mERROR not found[0m]
[0m16:25:31.696892 [info ] [MainThread]: Required dependencies:
[0m16:25:31.697079 [debug] [MainThread]: Executing "git --help"
[0m16:25:31.713341 [debug] [MainThread]: STDOUT: "b"usage: git [-v | --version] [-h | --help] [-C <path>] [-c <name>=<value>]\n           [--exec-path[=<path>]] [--html-path] [--man-path] [--info-path]\n           [-p | --paginate | -P | --no-pager] [--no-replace-objects] [--no-lazy-fetch]\n           [--no-optional-locks] [--no-advice] [--bare] [--git-dir=<path>]\n           [--work-tree=<path>] [--namespace=<name>] [--config-env=<name>=<envvar>]\n           <command> [<args>]\n\nThese are common Git commands used in various situations:\n\nstart a working area (see also: git help tutorial)\n   clone      Clone a repository into a new directory\n   init       Create an empty Git repository or reinitialize an existing one\n\nwork on the current change (see also: git help everyday)\n   add        Add file contents to the index\n   mv         Move or rename a file, a directory, or a symlink\n   restore    Restore working tree files\n   rm         Remove files from the working tree and from the index\n\nexamine the history and state (see also: git help revisions)\n   bisect     Use binary search to find the commit that introduced a bug\n   diff       Show changes between commits, commit and working tree, etc\n   grep       Print lines matching a pattern\n   log        Show commit logs\n   show       Show various types of objects\n   status     Show the working tree status\n\ngrow, mark and tweak your common history\n   backfill   Download missing objects in a partial clone\n   branch     List, create, or delete branches\n   commit     Record changes to the repository\n   merge      Join two or more development histories together\n   rebase     Reapply commits on top of another base tip\n   reset      Reset current HEAD to the specified state\n   switch     Switch branches\n   tag        Create, list, delete or verify a tag object signed with GPG\n\ncollaborate (see also: git help workflows)\n   fetch      Download objects and refs from another repository\n   pull       Fetch from and integrate with another repository or a local branch\n   push       Update remote refs along with associated objects\n\n'git help -a' and 'git help -g' list available subcommands and some\nconcept guides. See 'git help <command>' or 'git help <concept>'\nto read about a specific subcommand or concept.\nSee 'git help git' for an overview of the system.\n""
[0m16:25:31.713749 [debug] [MainThread]: STDERR: "b''"
[0m16:25:31.713893 [info ] [MainThread]:  - git [[32mOK found[0m]

[0m16:25:31.714024 [info ] [MainThread]: Connection:
[0m16:25:31.714188 [info ] [MainThread]:   method: oauth
[0m16:25:31.714292 [info ] [MainThread]:   database: dbt-core-gcp-project
[0m16:25:31.714395 [info ] [MainThread]:   execution_project: dbt-core-gcp-project
[0m16:25:31.714498 [info ] [MainThread]:   schema: dev_nvolynets
[0m16:25:31.714589 [info ] [MainThread]:   location: US
[0m16:25:31.714686 [info ] [MainThread]:   priority: interactive
[0m16:25:31.714779 [info ] [MainThread]:   maximum_bytes_billed: None
[0m16:25:31.714876 [info ] [MainThread]:   impersonate_service_account: None
[0m16:25:31.714972 [info ] [MainThread]:   job_retry_deadline_seconds: None
[0m16:25:31.715069 [info ] [MainThread]:   job_retries: 1
[0m16:25:31.715158 [info ] [MainThread]:   job_creation_timeout_seconds: None
[0m16:25:31.715258 [info ] [MainThread]:   job_execution_timeout_seconds: 300
[0m16:25:31.715354 [info ] [MainThread]:   timeout_seconds: 300
[0m16:25:31.715448 [info ] [MainThread]:   client_id: None
[0m16:25:31.715541 [info ] [MainThread]:   token_uri: None
[0m16:25:31.715636 [info ] [MainThread]:   compute_region: None
[0m16:25:31.715729 [info ] [MainThread]:   dataproc_cluster_name: None
[0m16:25:31.715822 [info ] [MainThread]:   gcs_bucket: None
[0m16:25:31.715916 [info ] [MainThread]:   dataproc_batch: None
[0m16:25:31.716180 [info ] [MainThread]: Registered adapter: bigquery=1.10.3
[0m16:25:31.826207 [debug] [MainThread]: Acquiring new bigquery connection 'debug'
[0m16:25:31.826495 [debug] [MainThread]: On debug: select 1 as id
[0m16:25:31.826617 [debug] [MainThread]: Opening a new connection, currently in state init
[0m16:25:33.383256 [debug] [MainThread]: BigQuery adapter: https://console.cloud.google.com/bigquery?project=dbt-core-gcp-project&j=bq:US:acaffd81-06c8-46fa-9c1d-a88cfd6381d9&page=queryresults
[0m16:25:33.800659 [info ] [MainThread]:   Connection test: [[32mOK connection ok[0m]

[0m16:25:33.801511 [info ] [MainThread]: [31m1 check failed:[0m
[0m16:25:33.801881 [info ] [MainThread]: Project loading failed for the following reason:
 project path </Users/nvolynets/analytics/dbt-gcp-project/dbt_project.yml> not found

[0m16:25:33.837725 [debug] [MainThread]: Resource report: {"command_name": "debug", "command_success": false, "command_wall_clock_time": 4.06683, "process_in_blocks": "0", "process_kernel_time": 0.43508, "process_mem_max_rss": "378929152", "process_out_blocks": "0", "process_user_time": 1.445041}
[0m16:25:33.838443 [debug] [MainThread]: Command `dbt debug` failed at 16:25:33.838352 after 4.07 seconds
[0m16:25:33.838786 [debug] [MainThread]: Connection 'debug' was properly closed.
[0m16:25:33.839091 [debug] [MainThread]: Sending event: {'category': 'dbt', 'action': 'invocation', 'label': 'end', 'context': [<snowplow_tracker.self_describing_json.SelfDescribingJson object at 0x1075ad8e0>, <snowplow_tracker.self_describing_json.SelfDescribingJson object at 0x13f3e9820>, <snowplow_tracker.self_describing_json.SelfDescribingJson object at 0x13ea2a270>]}
[0m16:25:33.839458 [debug] [MainThread]: Flushing usage events
[0m16:25:34.189283 [debug] [MainThread]: An error was encountered while trying to flush usage events
[0m09:01:43.141749 [debug] [MainThread]: Sending event: {'category': 'dbt', 'action': 'invocation', 'label': 'start', 'context': [<snowplow_tracker.self_describing_json.SelfDescribingJson object at 0x109b9dd60>, <snowplow_tracker.self_describing_json.SelfDescribingJson object at 0x10adbe750>, <snowplow_tracker.self_describing_json.SelfDescribingJson object at 0x10adbe3f0>]}


============================== 09:01:43.143845 | 430639f1-d8ee-4eb3-b386-64fadb20e56f ==============================
[0m09:01:43.143845 [info ] [MainThread]: Running with dbt=1.10.16
[0m09:01:43.144129 [debug] [MainThread]: running dbt with arguments {'use_colors': 'True', 'warn_error': 'None', 'warn_error_options': 'WarnErrorOptionsV2(error=[], warn=[], silence=[])', 'profiles_dir': '/Users/nvolynets/analytics/dbt-gcp-project/surfalytics_dbt_core/', 'no_print': 'None', 'invocation_command': 'dbt build', 'log_path': 'logs', 'target_path': 'None', 'printer_width': '80', 'use_experimental_parser': 'False', 'partial_parse': 'True', 'write_json': 'True', 'fail_fast': 'False', 'quiet': 'False', 'indirect_selection': 'eager', 'version_check': 'True', 'debug': 'False', 'empty': 'False', 'introspect': 'True', 'send_anonymous_usage_stats': 'True', 'log_format': 'default', 'static_parser': 'True', 'log_cache_events': 'False', 'cache_selected_only': 'False'}
[0m09:01:43.144337 [error] [MainThread]: Encountered an error:
Runtime Error
  No dbt_project.yml found at expected path /Users/nvolynets/analytics/dbt-gcp-project/dbt_project.yml
  Verify that each entry within packages.yml (and their transitive dependencies) contains a file named dbt_project.yml
  
[0m09:01:43.145341 [debug] [MainThread]: Resource report: {"command_name": "build", "command_success": false, "command_wall_clock_time": 0.027718958, "process_in_blocks": "0", "process_kernel_time": 0.078481, "process_mem_max_rss": "105988096", "process_out_blocks": "0", "process_user_time": 0.470424}
[0m09:01:43.145566 [debug] [MainThread]: Command `dbt build` failed at 09:01:43.145526 after 0.03 seconds
[0m09:01:43.145700 [debug] [MainThread]: Sending event: {'category': 'dbt', 'action': 'invocation', 'label': 'end', 'context': [<snowplow_tracker.self_describing_json.SelfDescribingJson object at 0x109d9c4a0>, <snowplow_tracker.self_describing_json.SelfDescribingJson object at 0x10abfd1c0>, <snowplow_tracker.self_describing_json.SelfDescribingJson object at 0x10adbfad0>]}
[0m09:01:43.145829 [debug] [MainThread]: Flushing usage events
[0m09:01:43.476075 [debug] [MainThread]: An error was encountered while trying to flush usage events
